Running: fuse.exe -relaunch -intstyle "ise" -incremental -lib "secureip" -o "C:/ProgrammingProjects/Xilinx/ErrorCorrectionMemoryPathFinal/ECMP_TB1_isim_beh.exe" -prj "C:/ProgrammingProjects/Xilinx/ErrorCorrectionMemoryPathFinal/ECMP_TB1_beh.prj" "work.ECMP_TB1" 
ISim P.20131013 (signature 0x7708f090)
Number of CPUs detected in this system: 12
Turning on mult-threading, number of parallel sub-compilation jobs: 24 
Determining compilation order of HDL files
Parsing VHDL file "C:/ProgrammingProjects/Xilinx/ErrorCorrectionMemoryPathFinal/Register16.vhd" into library work
Parsing VHDL file "C:/ProgrammingProjects/Xilinx/ErrorCorrectionMemoryPathFinal/NoiseElement.vhd" into library work
Parsing VHDL file "C:/ProgrammingProjects/Xilinx/ErrorCorrectionMemoryPathFinal/HammingEncoder.vhd" into library work
Parsing VHDL file "C:/ProgrammingProjects/Xilinx/ErrorCorrectionMemoryPathFinal/HammingDecoder.vhd" into library work
Parsing VHDL file "C:/ProgrammingProjects/Xilinx/ErrorCorrectionMemoryPathFinal/DPRAM.vhd" into library work
Parsing VHDL file "C:/ProgrammingProjects/Xilinx/ErrorCorrectionMemoryPathFinal/Buffer16.vhd" into library work
Parsing VHDL file "C:/ProgrammingProjects/Xilinx/ErrorCorrectionMemoryPathFinal/ECMP.vhd" into library work
Parsing VHDL file "C:/ProgrammingProjects/Xilinx/ErrorCorrectionMemoryPathFinal/ECMP_TB1.vhd" into library work
Starting static elaboration
Completed static elaboration
Compiling package standard
Compiling package std_logic_1164
Compiling package std_logic_arith
Compiling package std_logic_unsigned
Compiling architecture behavioral of entity DPRAM [dpram_default]
Compiling architecture behavioral of entity NoiseElement [noiseelement_default]
Compiling architecture behavioral of entity Register16 [register16_default]
Compiling architecture behavioral of entity Buffer16 [buffer16_default]
Compiling architecture behavioral of entity HammingEncoder [hammingencoder_default]
Compiling architecture behavioral of entity HammingDecoder [hammingdecoder_default]
Compiling architecture behavioral of entity ECMP [ecmp_default]
Compiling architecture behavior of entity ecmp_tb1
Time Resolution for simulation is 1ps.
Waiting for 1 sub-compilation(s) to finish...
Compiled 19 VHDL Units
Built simulation executable C:/ProgrammingProjects/Xilinx/ErrorCorrectionMemoryPathFinal/ECMP_TB1_isim_beh.exe
Fuse Memory Usage: 35268 KB
Fuse CPU Usage: 359 ms
